make.exe all --print-data-base --no-builtin-variables --no-builtin-rules --question
make: *** No rule to make target 'all'.  Stop.

# GNU Make 4.3
# Built for Windows32
# Copyright (C) 1988-2020 Free Software Foundation, Inc.
# License GPLv3+: GNU GPL version 3 or later <http://gnu.org/licenses/gpl.html>
# This is free software: you are free to change and redistribute it.
# There is NO WARRANTY, to the extent permitted by law.

# Make data base, printed on Sun Jul 31 14:18:12 2022

# Variables

# environment
SYSTEMDRIVE = C:
# environment
JAVA_HOME = C:\Program Files (x86)\Java\jdk1.8.0_71
# environment
LC_ALL = C
# environment
USERPROFILE = C:\Users\andatoshiki
# environment
TMPDIR = C:\Users\ANDATO~1\AppData\Local\Temp
# environment
LOCALAPPDATA = C:\Users\andatoshiki\AppData\Local
# environment
VSCODE_IPC_HOOK_EXTHOST = \\.\pipe\vscode-ipc-91e4d0c3-f6e7-4e70-9473-e7c0f728ad4c-sock
# environment
VSCODE_CWD = D:\Alex\Resources\GitHub\e5subbot
# environment
MINGW_PREFIX = D:/Alex/Apps/Git/mingw64
# environment
CHOCOLATEYINSTALL = D:\Alex\Resources\chocopkgs
# environment
SYSTEMROOT = C:\windows
# environment
PROCESSOR_LEVEL = 6
# environment
PSMODULEPATH = C:\Program Files\WindowsPowerShell\Modules;C:\windows\system32\WindowsPowerShell\v1.0\Modules;C:\Program Files\SharePoint Online Management Shell\
# default
MAKE_COMMAND := C:/ProgramData/chocolatey/lib/make/tools/install/bin/make.exe
# environment
GOPATH = D:\Alex\Resources\GitHub\GoWorks
# automatic
@D = $(patsubst %/,%,$(patsubst %\,%,$(dir $@)))
# environment
DOKANLIBRARY1_LIBRARYPATH_X64 = D:\Alex\Apps\Doken Library\lib\
# environment
ACLOCAL_PATH = D:\Alex\Apps\Git\mingw64\share\aclocal;D:\Alex\Apps\Git\usr\share\aclocal
# environment
CHROME_CRASHPAD_PIPE_NAME = \\.\pipe\crashpad_21204_VGWZTPZCIQZMGRIE
# environment
ORIGINAL_TEMP = C:/Users/ANDATO~1/AppData/Local/Temp
# environment
VSCODE_HANDLES_UNCAUGHT_ERRORS = true
# default
.VARIABLES := 
# environment
PWD = D:/Alex/Resources/GitHub/e5subbot
# automatic
%D = $(patsubst %/,%,$(patsubst %\,%,$(dir $%)))
# environment
HOSTNAME = DESKTOP-43RSN5L
# environment
PS1 = \[\033]0;$TITLEPREFIX:$PWD\007\]\n\[\033[32m\]\u@\h \[\033[35m\]$MSYSTEM \[\033[33m\]\w\[\033[36m\]`__git_ps1`\[\033[0m\]\n$ 
# environment
OLDPWD = D:/Alex/Resources/GitHub
# automatic
^D = $(patsubst %/,%,$(patsubst %\,%,$(dir $^)))
# environment
VSCODE_LOG_STACK = false
# automatic
%F = $(notdir $%)
# environment
VSCODE_CODE_CACHE_PATH = D:\Alex\Apps\VsCode\data\user-data\CachedData\30d9c6cd9483b2cc586687151bcbcd635f373630
# environment
SSH_ASKPASS = D:/Alex/Apps/Git/mingw64/bin/git-askpass.exe
# environment
LANG = C
# default
.LOADED := 
# environment
TMP = C:\Users\ANDATO~1\AppData\Local\Temp
# default
.INCLUDE_DIRS = .
# environment
PROCESSOR_ARCHITEW6432 = AMD64
# makefile
MAKEFLAGS = pqrR
# environment
PKG_CONFIG_PATH = D:\Alex\Apps\Git\mingw64\lib\pkgconfig;D:\Alex\Apps\Git\mingw64\share\pkgconfig
# environment
INTEL_DEV_REDIST = C:\Program Files (x86)\Common Files\Intel\Shared Libraries\
# environment
ONEDRIVE = D:\Alex\Resources\Onedrive
# makefile
CURDIR := d:/Alex/Resources/GitHub/e5subbot
# environment
VSCODE_PIPE_LOGGING = true
# environment
DOKANLIBRARY1_LIBRARYPATH_X86 = D:\Alex\Apps\Doken Library\x86\lib\
# environment
MSYSTEM_CARCH = x86_64
# environment
APPLICATION_INSIGHTS_NO_DIAGNOSTIC_CHANNEL = 1
# automatic
*D = $(patsubst %/,%,$(patsubst %\,%,$(dir $*)))
# environment
PROGRAMFILES = C:\Program Files (x86)
# environment
MFLAGS = -pqrR
# default
.SHELLFLAGS := -c
# environment
COMMONPROGRAMW6432 = C:\Program Files\Common Files
# automatic
+D = $(patsubst %/,%,$(patsubst %\,%,$(dir $+)))
# makefile (from 'Makefile', line 1)
MAKEFILE_LIST := Makefile
# automatic
@F = $(notdir $@)
# environment
VSCODE_VERBOSE_LOGGING = true
# environment
VSCODE_PID = 21204
# automatic
?D = $(patsubst %/,%,$(patsubst %\,%,$(dir $?)))
# environment
POSH_THEMES_PATH = C:\Users\Alex Shao\AppData\Local\Programs\oh-my-posh\themes
# environment
MINGW_CHOST = x86_64-w64-mingw32
# automatic
*F = $(notdir $*)
# environment
MANPATH = D:\Alex\Apps\Git\mingw64\local\man;D:\Alex\Apps\Git\mingw64\share\man;D:\Alex\Apps\Git\usr\local\man;D:\Alex\Apps\Git\usr\share\man;D:\Alex\Apps\Git\usr\man;D:\Alex\Apps\Git\share\man
# automatic
<D = $(patsubst %/,%,$(patsubst %\,%,$(dir $<)))
# environment
VSCODE_NLS_CONFIG = {"locale":"en-us","availableLanguages":{},"_languagePackSupport":true}
# default
MAKE_HOST := Windows32
# environment
PROGRAMDATA = C:\ProgramData
# environment
INFOPATH = D:\Alex\Apps\Git\usr\local\info;D:\Alex\Apps\Git\usr\share\info;D:\Alex\Apps\Git\usr\info;D:\Alex\Apps\Git\share\info
# makefile
SHELL = D:/Alex/Apps/Git/usr/bin/sh.exe
# environment
ORIGINAL_PATH = D:\Alex\Apps\Git\mingw64\bin;D:\Alex\Apps\Git\usr\bin;C:\Users\andatoshiki\bin;C:\Program Files (x86)\Common Files\Intel\Shared Libraries\redist\intel64\compiler;C:\Program Files (x86)\Common Files\Oracle\Java\javapath;C:\Program Files (x86)\Java\jdk1.8.0_71\bin;C:\ProgramData\Oracle\Java\javapath;C:\windows\system32;C:\windows;C:\windows\System32\Wbem;D:\Alex\Apps\Git\cmd;D:\Alex\Apps\Hugo;C:\Program Files\Common Files\Autodesk Shared;C:\Program Files\Microsoft SQL Server\120\Tools\Binn;D:\Alex\Apps\VSCodium\bin;D:\Alex\Apps\TexLive\texlive\2021\bin\win32;C:\Program Files\Wolfram Research\WolframScript;D:\Alex\Apps\PanDocs;C:\Program Files\dotnet;D:\Alex\Apps\Pandoc;D:\Alex\Apps\RClone;D:\Alex\Resources\GitHub\GoWorks\bin;D:\Alex\Resources\GitHub\GoWorks\bin;D:\Alex\Apps\GnuWin32\GetGnuWin32\bin;D:\Alex\Apps\gcc\bin;D:\Alex\Apps\gcc\bin;D:\Alex\Apps\yarn\bin;C:\Users\andatoshiki\AppData\Roaming\npm;D:\Alex\Resources\GitHub\YoutubeDL-Material\node_modules\@angular\cli;C:\ProgramData\chocolatey\bin;D:\Alex\Apps\nodejs;D:\Alex\Apps\nodejs;D:\Alex\blast-2.12.0+\bin;D:\Alex\Apps\Python\Scripts;D:\Alex\Apps\Python;C:\Users\Alex Shao\AppData\Local\Microsoft\WindowsApps;D:\Alex\Apps\PyCharm 2020.3.3\bin;C:\Users\Alex Shao\AppData\Local\GitHubDesktop\bin;D:\Alex\Apps\Hugo;D:\Alex\Apps\MikTeX\miktex\bin\x64;D:\Alex\Apps\Markdown Monster;C:\Users\Alex Shao\AppData\Local\atom\bin;D:\Alex\Apps\GitHubDesktopPortable\App\GitHubDesktop\bin;C:\Users\Alex Shao\AppData\Roaming\npm;C:\Users\Alex Shao\AppData\Local\Programs\oh-my-posh\bin;C:\Users\Alex Shao\AppData\Local\Keybase;D:\Alex\Apps\Go\bin;D:\Alex\Resources\GitHub\GoWorks\bin;D:\Alex\Apps\GnuWin32\GetGnuWin32\bin;D:\Alex\Apps\gcc\bin;D:\Alex\Apps\aria2;D:\Alex\Apps\odupload;C:\Users\andatoshiki\AppData\Local\Yarn\bin;D:\Alex\Resources\GitHub\YoutubeDL-Material\node_modules\@angular\cli;D:\Alex\Apps\VsCode;C:\Users\andatoshiki\AppData\Roaming\npm;D:\Alex\Apps\dotnet-sdk
# environment
HOMEPATH = \Users\andatoshiki
# default
MAKECMDGOALS := all
# environment
SHLVL = 1
# environment
DRIVERDATA = C:\Windows\System32\Drivers\DriverData
# environment
COMSPEC = C:\windows\system32\cmd.exe
# environment
WINDIR = C:\windows
# environment
MAKELEVEL := 0
# default
MAKE = $(MAKE_COMMAND)
# environment
PATH = D:\Alex\Apps\Go\bin;C:\Users\andatoshiki\bin;D:\Alex\Apps\Git\mingw64\bin;D:\Alex\Apps\Git\usr\local\bin;D:\Alex\Apps\Git\usr\bin;D:\Alex\Apps\Git\usr\bin;D:\Alex\Apps\Git\mingw64\bin;D:\Alex\Apps\Git\usr\bin;C:\Users\andatoshiki\bin;C:\Program Files (x86)\Common Files\Intel\Shared Libraries\redist\intel64\compiler;C:\Program Files (x86)\Common Files\Oracle\Java\javapath;C:\Program Files (x86)\Java\jdk1.8.0_71\bin;C:\ProgramData\Oracle\Java\javapath;C:\windows\system32;C:\windows;C:\windows\System32\Wbem;D:\Alex\Apps\Git\cmd;D:\Alex\Apps\Hugo;C:\Program Files\Common Files\Autodesk Shared;C:\Program Files\Microsoft SQL Server\120\Tools\Binn;D:\Alex\Apps\VSCodium\bin;D:\Alex\Apps\TexLive\texlive\2021\bin\win32;C:\Program Files\Wolfram Research\WolframScript;D:\Alex\Apps\PanDocs;C:\Program Files\dotnet;D:\Alex\Apps\Pandoc;D:\Alex\Apps\RClone;D:\Alex\Resources\GitHub\GoWorks\bin;D:\Alex\Resources\GitHub\GoWorks\bin;D:\Alex\Apps\GnuWin32\GetGnuWin32\bin;D:\Alex\Apps\gcc\bin;D:\Alex\Apps\gcc\bin;D:\Alex\Apps\yarn\bin;C:\Users\andatoshiki\AppData\Roaming\npm;D:\Alex\Resources\GitHub\YoutubeDL-Material\node_modules\@angular\cli;C:\ProgramData\chocolatey\bin;D:\Alex\Apps\nodejs;D:\Alex\Apps\nodejs;D:\Alex\blast-2.12.0+\bin;D:\Alex\Apps\Python\Scripts;D:\Alex\Apps\Python;C:\Users\Alex Shao\AppData\Local\Microsoft\WindowsApps;D:\Alex\Apps\PyCharm 2020.3.3\bin;C:\Users\Alex Shao\AppData\Local\GitHubDesktop\bin;D:\Alex\Apps\Hugo;D:\Alex\Apps\MikTeX\miktex\bin\x64;D:\Alex\Apps\Markdown Monster;C:\Users\Alex Shao\AppData\Local\atom\bin;D:\Alex\Apps\GitHubDesktopPortable\App\GitHubDesktop\bin;C:\Users\Alex Shao\AppData\Roaming\npm;C:\Users\Alex Shao\AppData\Local\Programs\oh-my-posh\bin;C:\Users\Alex Shao\AppData\Local\Keybase;D:\Alex\Resources\GitHub\GoWorks\bin;D:\Alex\Apps\GnuWin32\GetGnuWin32\bin;D:\Alex\Apps\gcc\bin;D:\Alex\Apps\aria2;D:\Alex\Apps\odupload;C:\Users\andatoshiki\AppData\Local\Yarn\bin;D:\Alex\Resources\GitHub\YoutubeDL-Material\node_modules\@angular\cli;D:\Alex\Apps\VsCode;C:\Users\andatoshiki\AppData\Roaming\npm;D:\Alex\Apps\dotnet-sdk;D:\Alex\Apps\Git\usr\bin\vendor_perl;D:\Alex\Apps\Git\usr\bin\ 
core_perl
# environment
ZES_ENABLE_SYSMAN = 1
# environment
COMPUTERNAME = DESKTOP-43RSN5L
# default
MAKEFILES := 
# automatic
^F = $(notdir $^)
# environment
MINGW_PACKAGE_PREFIX = mingw-w64-x86_64
# environment
PYCHARM = D:\Alex\Apps\PyCharm 2020.3.3\bin;
# environment
PROMPT = $P$G
# environment
CHOCOLATEYLASTPATHUPDATE = 132999075887471852
# environment
GOROOT = D:\Alex\Apps\Go
# environment
LOGONSERVER = \\DESKTOP-43RSN5L
# environment
VSCODE_LOG_NATIVE = false
# environment
USERNAME = Anda Toshiki
# e 
nvironment
TERM_PROGRAM = mintty
# environment
COMMONPROGRAMFILES = C:\Program Files (x86)\Common Files
# automatic
?F = $(notdir $?)
# environment
PROGRAMW6432 = C:\Program Files
# environment
MSYSTEM_CHOST = x86_64-w64-mingw32
# environment
PATHEXT = .COM;.EXE;.BAT;.CMD;.VBS;.VBE;.JS;.JSE;.WSF;.WSH;.MSC
# automatic
+F = $(notdir $+)
# environment
CONFIG_SITE = D:/Alex/Apps/Git/etc/config.site
# environment
ORIGINAL_XDG_CURRENT_DESKTOP = undefined
# environment
USERDOMAIN = DESKTOP-43RSN5L
# 'override' dir 
ective
GNUMAKEFLAGS := 
# environment
OS = Windows_NT
# environment
DOKANLIBRARY1 = D:\Alex\Apps\Doken Library\
# environment
MSYSTEM_PREFIX = D:/Alex/Apps/Git/mingw64
# environment
VSCODE_PORTABLE = D:\Alex\Apps\VsCode\data
# makefile
.DEFAULT_GOAL := build
# environment
GCC_PATH = D:\Alex\Apps\gcc
# environment
DISPLAY = needs-to-be-defined
# default
MAKE_VERSION := 4.3
# environment
PROGRAMFILES(X86) = C:\Program Files (x86)
# environment
USERDOMAIN_ROAMINGPROFILE = DESKTOP-43RSN5L
# environment
NUMBER_O 
F_PROCESSORS = 8
# environment
PUBLIC = C:\Users\Public
# environment
_ = D:/Alex/Apps/VsCode/code
# environment
APPDATA = C:\Users\andatoshiki\AppData\Roaming
# environment
HOMEDRIVE = C:
# environment
LC_CTYPE = en_US.UTF-8
# environment
PROCESSOR_ARCHITECTURE = x86
# environment
GOMODCACHE = D:\Alex\Resources\GitHub\GoWorks\pkg\mod
# environment
VSCODE_AMD_ENTRYPOINT = vs/workbench/api/node/extensionHostProcess
# environment
MSYSTEM = MINGW64
# environment
HOME = C:\Users\andatoshiki
# environment
COMMON 
PROGRAMFILES(X86) = C:\Program Files (x86)\Common Files
# environment
EXEPATH = D:\Alex\Apps\Git
# environment
ELECTRON_RUN_AS_NODE = 1
# environment
TEMP = C:\Users\ANDATO~1\AppData\Local\Temp
# environment
TERM = xterm
# environment
VSCODE_IPC_HOOK = \\.\pipe\491c5ca0877d567a22e631f6696184c1-1.68.1-main-sock
# environment
GOPROXY = https://goproxy.cn
# environment
ADSK_3DSMAX_X64_2020 = D:\Alex\Apps\Autodesk\3ds Max 2020\
# default
.RECIPEPREFIX := 
# environment
ORIGINAL_TMP = C:/Users/ANDATO~1/AppData/L 
ocal/Temp
# automatic
<F = $(notdir $<)
# environment
PLINK_PROTOCOL = ssh
# default
SUFFIXES := 
# environment
ALLUSERSPROFILE = C:\ProgramData
# environment
SESSIONNAME = Console
# default
.FEATURES := target-specific order-only second-expansion else-if shortest-stem undefine oneshell nocomment grouped-target extra-prereqs archives jobserver output-sync load
# environment
MIC_LD_LIBRARY_PATH = C:\Program Files (x86)\Common Files\Intel\Shared Libraries\compiler\lib\mic
# environment
PROCESSOR_REVISION = 8e0c
# environment
TERM_PROGRAM_VERSION = 3.5.2
# environment
PROCESSOR_IDENTIFIER = Intel64 Family 6 Model 142 Stepping 12, GenuineIntel
# variable set hash-table stats:
# Load=141/1024=14%, Rehash=0, Collisions=16/168=10%

# Pattern-specific Variable Values

# No pattern-specific variable values.

# Directories

# . (key d:/Alex/Resources/GitHub/e5subbot, mtime 1659248066): 24 files, no impossibilities.

# 24 files, no impossibilities in 1 directories.

# Implicit Rules

# No implicit rules.

# Files

# Not 
 a target:
Makefile:
#  Implicit rule search has been done.
#  Last modified 2022-07-30 20:04:46
#  File has been updated.
#  Successfully updated.

# Not a target:
.DEFAULT:
#  Implicit rule search has not been done.
#  Modification time never checked.
#  File has not been updated.

# Not a target:
all:
#  Command line target.
#  Implicit rule search has been done.
#  File does not exist.
#  File has not been updated.

build:
#  Phony target (prerequisite of .PHONY).
#  Implicit rule search has not been do 
ne.
#  File does not exist.
#  File has not been updated.
#  recipe to execute (from 'Makefile', line 3):
	goreleaser release --skip-publish --snapshot --rm-dist

.PHONY: build
#  Implicit rule search has not been done.
#  Modification time never checked.
#  File has not been updated.

# files hash-table stats:
# Load=6/1024=1%, Rehash=0, Collisions=0/18=0%
# VPATH Search Paths

# No 'vpath' search paths.

# No general ('VPATH' variable) search path.

# strcache buffers: 1 (0) / strings = 29 / storage = 213 
 B / avg = 7 B
# current buf: size = 8174 B / used = 213 B / count = 29 / avg = 7 B

# strcache performance: lookups = 36 / hit rate = 19%
# hash-table stats:
# Load=29/8192=0%, Rehash=0, Collisions=0/36=0%
# Finished Make data base on Sun Jul 31 14:18:12 2022

 
